{
  "RSpec": {
    "coverage": {
      "/Users/jeffrey/dev/dbc/foxes-final/Dr_Doo/app/models/view.rb": [
        1,
        null,
        null,
        null,
        1,
        null,
        null,
        null,
        1,
        null,
        null
      ],
      "/Users/jeffrey/dev/dbc/foxes-final/Dr_Doo/app/models/user.rb": [
        1,
        null,
        null,
        null,
        1,
        null,
        null,
        null,
        1,
        1,
        1,
        null
      ],
      "/Users/jeffrey/dev/dbc/foxes-final/Dr_Doo/app/controllers/application_controller.rb": [
        1,
        1,
        null,
        1,
        0,
        null,
        null,
        1,
        0,
        null,
        null
      ],
      "/Users/jeffrey/dev/dbc/foxes-final/Dr_Doo/app/helpers/application_helper.rb": [
        1,
        1,
        0,
        null,
        null,
        1,
        32,
        null,
        null,
        1,
        24,
        null,
        null,
        1,
        8,
        null,
        null
      ],
      "/Users/jeffrey/dev/dbc/foxes-final/Dr_Doo/app/helpers/complete_forms_helper.rb": [
        1,
        null
      ],
      "/Users/jeffrey/dev/dbc/foxes-final/Dr_Doo/app/helpers/forms_helper.rb": [
        1,
        null
      ],
      "/Users/jeffrey/dev/dbc/foxes-final/Dr_Doo/app/controllers/complete_forms_controller.rb": [
        1,
        1,
        null,
        null,
        1,
        null,
        null,
        1,
        0,
        null,
        null,
        1,
        null,
        null,
        1,
        null,
        null,
        1,
        null,
        null
      ],
      "/Users/jeffrey/dev/dbc/foxes-final/Dr_Doo/app/controllers/forms_controller.rb": [
        1,
        null,
        1,
        0,
        0,
        0,
        null,
        null,
        1,
        0,
        0,
        0,
        null,
        null,
        1,
        0,
        0,
        0,
        null,
        null,
        1,
        0,
        null,
        null,
        null,
        null,
        null,
        null,
        null
      ],
      "/Users/jeffrey/dev/dbc/foxes-final/Dr_Doo/app/models/form.rb": [
        1,
        1,
        1,
        1,
        1,
        null,
        1,
        null
      ],
      "/Users/jeffrey/dev/dbc/foxes-final/Dr_Doo/app/controllers/home_controller.rb": [
        1,
        null,
        1,
        8,
        null,
        null
      ],
      "/Users/jeffrey/dev/dbc/foxes-final/Dr_Doo/app/mailers/notifications.rb": [
        1,
        1,
        null,
        1,
        0,
        0,
        0,
        0,
        0,
        null,
        null,
        1,
        0,
        0,
        0,
        0,
        0,
        null,
        null,
        1,
        0,
        0,
        0,
        0,
        0,
        null,
        null
      ],
      "/Users/jeffrey/dev/dbc/foxes-final/Dr_Doo/app/models/answer.rb": [
        1,
        1,
        1,
        1,
        1,
        null
      ],
      "/Users/jeffrey/dev/dbc/foxes-final/Dr_Doo/app/models/element.rb": [
        1,
        1,
        1,
        null
      ],
      "/Users/jeffrey/dev/dbc/foxes-final/Dr_Doo/app/models/field.rb": [
        1,
        1,
        1,
        1,
        1,
        null,
        null
      ],
      "/Users/jeffrey/dev/dbc/foxes-final/Dr_Doo/app/models/person.rb": [
        1,
        1,
        null
      ]
    },
    "timestamp": 1376937814
  },
  "Cucumber Features": {
    "coverage": {
      "/Users/apprentice/Desktop/Dr_Doo/app/models/view.rb": [
        1,
        null,
        null,
        null,
        1,
        null,
        null,
        null,
        1,
        null,
        null
      ],
      "/Users/apprentice/Desktop/Dr_Doo/app/models/user.rb": [
        1,
        null,
        null,
        null,
        1,
        null,
        null,
        null,
        1,
        1,
        1,
        1,
        1,
        null,
        null
      ],
      "/Users/apprentice/Desktop/Dr_Doo/app/controllers/application_controller.rb": [
        1,
        1,
        null,
        1,
        0,
        null,
        null,
        1,
        0,
        null,
        null,
        null
      ],
      "/Users/apprentice/Desktop/Dr_Doo/app/helpers/application_helper.rb": [
        1,
        null
      ],
      "/Users/apprentice/Desktop/Dr_Doo/app/helpers/forms_helper.rb": [
        1,
        null
      ],
      "/Users/apprentice/Desktop/Dr_Doo/app/controllers/forms_controller.rb": [
        1,
        null,
        1,
        null,
        0,
        null,
        null,
        1,
        0,
        0,
        null,
        null
      ],
      "/Users/apprentice/Desktop/Dr_Doo/app/models/form.rb": [
        1,
        1,
        1,
        1,
        1,
        null,
        null
      ],
      "/Users/apprentice/Desktop/Dr_Doo/app/controllers/home_controller.rb": [
        1,
        null,
        1,
        null,
        null
      ],
      "/Users/apprentice/Desktop/Dr_Doo/app/models/booleananswer.rb": [
        1,
        1,
        1,
        null,
        null
      ],
      "/Users/apprentice/Desktop/Dr_Doo/app/models/dateanswer.rb": [
        1,
        1,
        1,
        null,
        null
      ],
      "/Users/apprentice/Desktop/Dr_Doo/app/models/field.rb": [
        1,
        1,
        1,
        1,
        1,
        1,
        1,
        1,
        null,
        null
      ],
      "/Users/apprentice/Desktop/Dr_Doo/app/models/integeranswer.rb": [
        1,
        1,
        1,
        null,
        null
      ],
      "/Users/apprentice/Desktop/Dr_Doo/app/models/label.rb": [
        1,
        1,
        1,
        1,
        null,
        null
      ],
      "/Users/apprentice/Desktop/Dr_Doo/app/models/provider.rb": [
        1,
        1,
        null,
        null
      ],
      "/Users/apprentice/Desktop/Dr_Doo/app/models/stringanswer.rb": [
        1,
        1,
        1,
        null,
        null
      ]
    },
    "timestamp": 1376708617
  }
}
